<?xml version="1.0" encoding="utf-8"?><testsuites name="pytest tests"><testsuite name="pytest" errors="0" failures="0" skipped="0" tests="7" time="5.862" timestamp="2026-07-16T17:57:09.948183+00:00" hostname="agent-env-87018b04-a398-422f-8bfd-907cb2e97f34"><testcase classname="backend.tests.test_google_auth.TestGoogleAuth" name="test_google_session_invalid_id_returns_401" time="0.586" /><testcase classname="backend.tests.test_google_auth.TestGoogleAuth" name="test_me_with_bearer_session_token" time="1.203" /><testcase classname="backend.tests.test_google_auth.TestGoogleAuth" name="test_me_with_cookie_session_token" time="1.041" /><testcase classname="backend.tests.test_google_auth.TestGoogleAuth" name="test_protected_builds_get_with_session_token" time="0.816" /><testcase classname="backend.tests.test_google_auth.TestGoogleAuth" name="test_protected_builds_post_with_session_token" time="0.873" /><testcase classname="backend.tests.test_google_auth.TestGoogleAuth" name="test_logout_invalidates_cookie_session" time="1.133" /><testcase classname="backend.tests.test_google_auth.TestGoogleAuth" name="test_me_no_auth_returns_401" time="0.142" /></testsuite></testsuites>