<?xml version="1.0" encoding="utf-8"?><testsuites name="pytest tests"><testsuite name="pytest" errors="0" failures="0" skipped="0" tests="40" time="5.084" timestamp="2026-08-01T12:41:35.437208+00:00" hostname="agent-env-87018b04-a398-422f-8bfd-907cb2e97f34"><testcase classname="backend.tests.backend_test" name="test_root" time="0.204" /><testcase classname="backend.tests.backend_test.TestAuth" name="test_signup_creates_user" time="0.271" /><testcase classname="backend.tests.backend_test.TestAuth" name="test_signup_duplicate_email" time="0.047" /><testcase classname="backend.tests.backend_test.TestAuth" name="test_login_success" time="0.264" /><testcase classname="backend.tests.backend_test.TestAuth" name="test_login_wrong_password" time="0.264" /><testcase classname="backend.tests.backend_test.TestAuth" name="test_me_returns_user" time="0.042" /><testcase classname="backend.tests.backend_test.TestAuth" name="test_me_requires_auth" time="0.111" /><testcase classname="backend.tests.backend_test.TestBuilds" name="test_first_build_is_free" time="0.044" /><testcase classname="backend.tests.backend_test.TestBuilds" name="test_second_build_requires_payment" time="0.042" /><testcase classname="backend.tests.backend_test.TestBuilds" name="test_list_builds" time="0.083" /><testcase classname="backend.tests.backend_test.TestBuilds" name="test_edit_build_free" time="0.042" /><testcase classname="backend.tests.backend_test.TestBuilds" name="test_mock_payment_for_second_build" time="0.085" /><testcase classname="backend.tests.backend_test.TestBuilds" name="test_deploy_paid_build" time="0.041" /><testcase classname="backend.tests.backend_test.TestBuilds" name="test_builds_require_auth" time="0.097" /><testcase classname="backend.tests.backend_test.TestLanding" name="test_showcase" time="0.043" /><testcase classname="backend.tests.backend_test.TestLanding" name="test_features" time="0.045" /><testcase classname="backend.tests.backend_test.TestLanding" name="test_stats" time="0.040" /><testcase classname="backend.tests.backend_test.TestLanding" name="test_pricing" time="0.081" /><testcase classname="backend.tests.backend_test.TestLanding" name="test_waitlist_signup" time="0.069" /><testcase classname="backend.tests.backend_test.TestLanding" name="test_waitlist_duplicate" time="0.080" /><testcase classname="backend.tests.backend_test.TestLanding" name="test_waitlist_count" time="0.041" /><testcase classname="backend.tests.backend_test.TestChat" name="test_chat_with_ai" time="0.721" /><testcase classname="backend.tests.backend_test.TestChat" name="test_chat_history" time="0.042" /><testcase classname="backend.tests.backend_test.TestChat" name="test_chat_sessions_list" time="0.043" /><testcase classname="backend.tests.backend_test.TestShare" name="test_share_non_deployed_returns_400" time="0.043" /><testcase classname="backend.tests.backend_test.TestShare" name="test_share_deployed_returns_slug" time="0.040" /><testcase classname="backend.tests.backend_test.TestShare" name="test_share_slug_is_stable" time="0.081" /><testcase classname="backend.tests.backend_test.TestShare" name="test_public_get_share_no_auth" time="0.135" /><testcase classname="backend.tests.backend_test.TestShare" name="test_public_get_bad_slug_404" time="0.103" /><testcase classname="backend.tests.backend_test.TestShare" name="test_share_others_build_404" time="0.306" /><testcase classname="backend.tests.backend_test.TestShare" name="test_share_requires_auth" time="0.098" /><testcase classname="backend.tests.test_google_auth.TestGoogleAuth" name="test_google_session_invalid_id_returns_401" time="0.192" /><testcase classname="backend.tests.test_google_auth.TestGoogleAuth" name="test_password_login_rejects_google_only_account" time="0.101" /><testcase classname="backend.tests.test_google_auth.TestGoogleAuth" name="test_me_with_bearer_session_token" time="0.107" /><testcase classname="backend.tests.test_google_auth.TestGoogleAuth" name="test_me_with_cookie_session_token" time="0.168" /><testcase classname="backend.tests.test_google_auth.TestGoogleAuth" name="test_protected_builds_get_with_session_token" time="0.096" /><testcase classname="backend.tests.test_google_auth.TestGoogleAuth" name="test_protected_builds_post_with_session_token" time="0.102" /><testcase classname="backend.tests.test_google_auth.TestGoogleAuth" name="test_logout_invalidates_cookie_session" time="0.198" /><testcase classname="backend.tests.test_google_auth.TestGoogleAuth" name="test_logout_invalidates_bearer_session" time="0.198" /><testcase classname="backend.tests.test_google_auth.TestGoogleAuth" name="test_me_no_auth_returns_401" time="0.095" /></testsuite></testsuites>