<?xml version="1.0" encoding="utf-8"?><testsuites name="pytest tests"><testsuite name="pytest" errors="0" failures="0" skipped="0" tests="24" time="6.116" timestamp="2026-07-16T17:07:34.208854+00:00" hostname="agent-env-87018b04-a398-422f-8bfd-907cb2e97f34"><testcase classname="backend.tests.backend_test" name="test_root" time="0.289" /><testcase classname="backend.tests.backend_test.TestAuth" name="test_signup_creates_user" time="1.114" /><testcase classname="backend.tests.backend_test.TestAuth" name="test_signup_duplicate_email" time="0.074" /><testcase classname="backend.tests.backend_test.TestAuth" name="test_login_success" time="0.308" /><testcase classname="backend.tests.backend_test.TestAuth" name="test_login_wrong_password" time="0.291" /><testcase classname="backend.tests.backend_test.TestAuth" name="test_me_returns_user" time="0.071" /><testcase classname="backend.tests.backend_test.TestAuth" name="test_me_requires_auth" time="0.061" /><testcase classname="backend.tests.backend_test.TestBuilds" name="test_first_build_is_free" time="0.071" /><testcase classname="backend.tests.backend_test.TestBuilds" name="test_second_build_requires_payment" time="0.067" /><testcase classname="backend.tests.backend_test.TestBuilds" name="test_list_builds" time="0.068" /><testcase classname="backend.tests.backend_test.TestBuilds" name="test_edit_build_free" time="0.065" /><testcase classname="backend.tests.backend_test.TestBuilds" name="test_mock_payment_for_second_build" time="1.395" /><testcase classname="backend.tests.backend_test.TestBuilds" name="test_deploy_paid_build" time="0.071" /><testcase classname="backend.tests.backend_test.TestBuilds" name="test_builds_require_auth" time="0.067" /><testcase classname="backend.tests.backend_test.TestLanding" name="test_showcase" time="0.066" /><testcase classname="backend.tests.backend_test.TestLanding" name="test_features" time="0.063" /><testcase classname="backend.tests.backend_test.TestLanding" name="test_stats" time="0.062" /><testcase classname="backend.tests.backend_test.TestLanding" name="test_pricing" time="0.067" /><testcase classname="backend.tests.backend_test.TestLanding" name="test_waitlist_signup" time="0.071" /><testcase classname="backend.tests.backend_test.TestLanding" name="test_waitlist_duplicate" time="0.060" /><testcase classname="backend.tests.backend_test.TestLanding" name="test_waitlist_count" time="0.094" /><testcase classname="backend.tests.backend_test.TestChat" name="test_chat_with_ai" time="1.214" /><testcase classname="backend.tests.backend_test.TestChat" name="test_chat_history" time="0.065" /><testcase classname="backend.tests.backend_test.TestChat" name="test_chat_sessions_list" time="0.064" /></testsuite></testsuites>